生成启动时间为 2020/2/12 18:49:48。
     1>项目“F:\code\promising\2.12\2.12\2.12.vcxproj”在节点 2 上(Build 个目标)。
     1>ClCompile:
         F:\c\VC\bin\CL.exe /c /ZI /nologo /W3 /WX- /sdl /Od /Oy- /D _MBCS /Gm /EHsc /RTC1 /MDd /GS /fp:precise /Zc:wchar_t /Zc:forScope /Fo"Debug\\" /Fd"Debug\vc120.pdb" /Gd /TP /analyze- /errorReport:prompt 2.12.cpp
         2.12.cpp
     1>f:\code\promising\2.12\2.12\2.12.cpp(37): warning C4553: “==”: 运算符不起任何作用；是否是有意使用“=”的?
     1>f:\code\promising\2.12\2.12\2.12.cpp(38): warning C4553: “==”: 运算符不起任何作用；是否是有意使用“=”的?
     1>f:\code\promising\2.12\2.12\2.12.cpp(39): warning C4553: “==”: 运算符不起任何作用；是否是有意使用“=”的?
     1>f:\code\promising\2.12\2.12\2.12.cpp(41): error C2065: “Satck”: 未声明的标识符
     1>f:\code\promising\2.12\2.12\2.12.cpp(41): error C2065: “st”: 未声明的标识符
     1>f:\code\promising\2.12\2.12\2.12.cpp(41): error C2062: 意外的类型“char”
     1>f:\code\promising\2.12\2.12\2.12.cpp(42): error C2143: 语法错误 : 缺少“;”(在“{”的前面)
     1>f:\code\promising\2.12\2.12\2.12.cpp(42): error C2447: “{”: 缺少函数标题(是否是老式的形式表?)
     1>f:\code\promising\2.12\2.12\2.12.cpp(53): error C3861: “StackInsert”:  找不到标识符
     1>f:\code\promising\2.12\2.12\2.12.cpp(58): error C2143: 语法错误 : 缺少“;”(在“<”的前面)
     1>f:\code\promising\2.12\2.12\2.12.cpp(58): error C2143: 语法错误 : 缺少“)”(在“<”的前面)
     1>f:\code\promising\2.12\2.12\2.12.cpp(58): error C2065: “i”: 未声明的标识符
     1>f:\code\promising\2.12\2.12\2.12.cpp(58): error C2059: 语法错误:“)”
     1>f:\code\promising\2.12\2.12\2.12.cpp(62): error C2143: 语法错误 : 缺少“;”(在“}”的前面)
     1>已完成生成项目“F:\code\promising\2.12\2.12\2.12.vcxproj”(Build 个目标)的操作 - 失败。

生成失败。

已用时间 00:00:01.43
