生成启动时间为 2019/12/25 22:05:08。
     1>项目“F:\code\promising\12.25\12.25\12.25.vcxproj”在节点 2 上(Build 个目标)。
     1>ClCompile:
         F:\c\VC\bin\CL.exe /c /ZI /nologo /W3 /WX- /sdl /Od /Oy- /D _MBCS /Gm /EHsc /RTC1 /MDd /GS /fp:precise /Zc:wchar_t /Zc:forScope /Fo"Debug\\" /Fd"Debug\vc120.pdb" /Gd /TP /analyze- /errorReport:prompt 12.25.cpp
         12.25.cpp
     1>f:\code\promising\12.25\12.25\12.25.cpp(41): error C4430: 缺少类型说明符 - 假定为 int。注意:  C++ 不支持默认 int
     1>f:\code\promising\12.25\12.25\12.25.cpp(46): error C2244: “Array<Type>::operator *”: 无法将函数定义与现有的声明匹配
                 f:\code\promising\12.25\12.25\12.25.cpp(12) : 参见“Array<Type>::operator *”的声明
                 定义
                 'Type &Array<Type>::operator *(int)'
                 现有声明
                 'Type &Array<Type>::operator *(void)'
     1>已完成生成项目“F:\code\promising\12.25\12.25\12.25.vcxproj”(Build 个目标)的操作 - 失败。

生成失败。

已用时间 00:00:00.91
